[INFO ][2016-02-16 10:11:46,904] - Root WebApplicationContext: initialization started
[INFO ][2016-02-16 10:11:46,972] - Refreshing Root WebApplicationContext: startup date [Tue Feb 16 10:11:46 CST 2016]; root of context hierarchy
[INFO ][2016-02-16 10:11:46,994] - Loading XML bean definitions from URL [file:/D:/GitWorkSpace/sst/sst/sst-home-web/target/classes/spring-config/applicationContext.xml]
[INFO ][2016-02-16 10:11:47,474] - Loading XML bean definitions from URL [file:/D:/GitWorkSpace/sst/sst/sst-home-web/target/classes/spring-config/persistence.xml]
[INFO ][2016-02-16 10:11:47,513] - Loading XML bean definitions from URL [file:/D:/GitWorkSpace/sst/sst/sst-home-web/target/classes/spring-config/redis-persistence.xml]
[INFO ][2016-02-16 10:11:47,533] - Loading XML bean definitions from URL [file:/D:/GitWorkSpace/sst/sst/sst-home-web/target/classes/spring-config/spring-template.xml]
[INFO ][2016-02-16 10:11:47,548] - Loading XML bean definitions from URL [file:/D:/GitWorkSpace/sst/sst/sst-home-web/target/classes/spring-config/spring-mail.xml]
[INFO ][2016-02-16 10:11:47,877] - Loading properties file from URL [file:/D:/GitWorkSpace/sst/sst/sst-home-web/target/classes/application.properties]
[INFO ][2016-02-16 10:11:50,285] - ClassTemplateLoader for Spring macros added to FreeMarker configuration
[INFO ][2016-02-16 10:11:50,298] - Root WebApplicationContext: initialization completed in 3393 ms
[INFO ][2016-02-16 10:11:50,328] - FrameworkServlet 'appServlet': initialization started
[INFO ][2016-02-16 10:11:50,328] - Refreshing WebApplicationContext for namespace 'appServlet-servlet': startup date [Tue Feb 16 10:11:50 CST 2016]; parent: Root WebApplicationContext
[INFO ][2016-02-16 10:11:50,328] - Loading XML bean definitions from URL [file:/D:/GitWorkSpace/sst/sst/sst-home-web/target/classes/spring-config/servlet-context.xml]
[INFO ][2016-02-16 10:11:50,671] - Mapped URL path [/comp/apply] onto handler 'compController'
[INFO ][2016-02-16 10:11:50,671] - Mapped URL path [/comp/apply.*] onto handler 'compController'
[INFO ][2016-02-16 10:11:50,671] - Mapped URL path [/comp/apply/] onto handler 'compController'
[INFO ][2016-02-16 10:11:50,671] - Mapped URL path [/comp/getMatch] onto handler 'compController'
[INFO ][2016-02-16 10:11:50,671] - Mapped URL path [/comp/getMatch.*] onto handler 'compController'
[INFO ][2016-02-16 10:11:50,671] - Mapped URL path [/comp/getMatch/] onto handler 'compController'
[INFO ][2016-02-16 10:11:50,671] - Mapped URL path [/comp/news] onto handler 'compController'
[INFO ][2016-02-16 10:11:50,671] - Mapped URL path [/comp/news.*] onto handler 'compController'
[INFO ][2016-02-16 10:11:50,671] - Mapped URL path [/comp/news/] onto handler 'compController'
[INFO ][2016-02-16 10:11:50,671] - Mapped URL path [/comp/getComp] onto handler 'compController'
[INFO ][2016-02-16 10:11:50,671] - Mapped URL path [/comp/getComp.*] onto handler 'compController'
[INFO ][2016-02-16 10:11:50,671] - Mapped URL path [/comp/getComp/] onto handler 'compController'
[INFO ][2016-02-16 10:11:50,671] - Mapped URL path [/comp/notices] onto handler 'compController'
[INFO ][2016-02-16 10:11:50,671] - Mapped URL path [/comp/notices.*] onto handler 'compController'
[INFO ][2016-02-16 10:11:50,671] - Mapped URL path [/comp/notices/] onto handler 'compController'
[INFO ][2016-02-16 10:11:50,671] - Mapped URL path [/comp/getNotice] onto handler 'compController'
[INFO ][2016-02-16 10:11:50,671] - Mapped URL path [/comp/getNotice.*] onto handler 'compController'
[INFO ][2016-02-16 10:11:50,671] - Mapped URL path [/comp/getNotice/] onto handler 'compController'
[INFO ][2016-02-16 10:11:50,671] - Mapped URL path [/comp/list] onto handler 'compController'
[INFO ][2016-02-16 10:11:50,671] - Mapped URL path [/comp/list.*] onto handler 'compController'
[INFO ][2016-02-16 10:11:50,671] - Mapped URL path [/comp/list/] onto handler 'compController'
[INFO ][2016-02-16 10:11:50,671] - Mapped URL path [/comp/getNews] onto handler 'compController'
[INFO ][2016-02-16 10:11:50,671] - Mapped URL path [/comp/getNews.*] onto handler 'compController'
[INFO ][2016-02-16 10:11:50,671] - Mapped URL path [/comp/getNews/] onto handler 'compController'
[INFO ][2016-02-16 10:11:50,671] - Mapped URL path [/comp/teams] onto handler 'compController'
[INFO ][2016-02-16 10:11:50,671] - Mapped URL path [/comp/teams.*] onto handler 'compController'
[INFO ][2016-02-16 10:11:50,671] - Mapped URL path [/comp/teams/] onto handler 'compController'
[INFO ][2016-02-16 10:11:50,671] - Mapped URL path [/comp/getTeam] onto handler 'compController'
[INFO ][2016-02-16 10:11:50,671] - Mapped URL path [/comp/getTeam.*] onto handler 'compController'
[INFO ][2016-02-16 10:11:50,671] - Mapped URL path [/comp/getTeam/] onto handler 'compController'
[INFO ][2016-02-16 10:11:50,671] - Mapped URL path [/comp/rounds] onto handler 'compController'
[INFO ][2016-02-16 10:11:50,671] - Mapped URL path [/comp/rounds.*] onto handler 'compController'
[INFO ][2016-02-16 10:11:50,671] - Mapped URL path [/comp/rounds/] onto handler 'compController'
[INFO ][2016-02-16 10:11:50,671] - Mapped URL path [/comp/scoreboard] onto handler 'compController'
[INFO ][2016-02-16 10:11:50,671] - Mapped URL path [/comp/scoreboard.*] onto handler 'compController'
[INFO ][2016-02-16 10:11:50,671] - Mapped URL path [/comp/scoreboard/] onto handler 'compController'
[INFO ][2016-02-16 10:11:50,671] - Mapped URL path [/comp/topScorer] onto handler 'compController'
[INFO ][2016-02-16 10:11:50,671] - Mapped URL path [/comp/topScorer.*] onto handler 'compController'
[INFO ][2016-02-16 10:11:50,671] - Mapped URL path [/comp/topScorer/] onto handler 'compController'
[INFO ][2016-02-16 10:11:50,671] - Mapped URL path [/comp/cards] onto handler 'compController'
[INFO ][2016-02-16 10:11:50,671] - Mapped URL path [/comp/cards.*] onto handler 'compController'
[INFO ][2016-02-16 10:11:50,671] - Mapped URL path [/comp/cards/] onto handler 'compController'
[INFO ][2016-02-16 10:11:50,671] - Mapped URL path [/email/validate] onto handler 'emailController'
[INFO ][2016-02-16 10:11:50,671] - Mapped URL path [/email/validate.*] onto handler 'emailController'
[INFO ][2016-02-16 10:11:50,671] - Mapped URL path [/email/validate/] onto handler 'emailController'
[INFO ][2016-02-16 10:11:50,671] - Mapped URL path [/email/send] onto handler 'emailController'
[INFO ][2016-02-16 10:11:50,671] - Mapped URL path [/email/send.*] onto handler 'emailController'
[INFO ][2016-02-16 10:11:50,671] - Mapped URL path [/email/send/] onto handler 'emailController'
[INFO ][2016-02-16 10:11:50,671] - Mapped URL path [/eva/list] onto handler 'evaluatController'
[INFO ][2016-02-16 10:11:50,671] - Mapped URL path [/eva/list.*] onto handler 'evaluatController'
[INFO ][2016-02-16 10:11:50,671] - Mapped URL path [/eva/list/] onto handler 'evaluatController'
[INFO ][2016-02-16 10:11:50,671] - Mapped URL path [/eva/queryById] onto handler 'evaluatController'
[INFO ][2016-02-16 10:11:50,671] - Mapped URL path [/eva/queryById.*] onto handler 'evaluatController'
[INFO ][2016-02-16 10:11:50,671] - Mapped URL path [/eva/queryById/] onto handler 'evaluatController'
[INFO ][2016-02-16 10:11:50,671] - Mapped URL path [/eva/doSubmit] onto handler 'evaluatController'
[INFO ][2016-02-16 10:11:50,671] - Mapped URL path [/eva/doSubmit.*] onto handler 'evaluatController'
[INFO ][2016-02-16 10:11:50,671] - Mapped URL path [/eva/doSubmit/] onto handler 'evaluatController'
[INFO ][2016-02-16 10:11:50,671] - Mapped URL path [/file/upload] onto handler 'fileController'
[INFO ][2016-02-16 10:11:50,671] - Mapped URL path [/file/upload.*] onto handler 'fileController'
[INFO ][2016-02-16 10:11:50,671] - Mapped URL path [/file/upload/] onto handler 'fileController'
[INFO ][2016-02-16 10:11:50,671] - Mapped URL path [/notice/release] onto handler 'noticeController'
[INFO ][2016-02-16 10:11:50,671] - Mapped URL path [/notice/release.*] onto handler 'noticeController'
[INFO ][2016-02-16 10:11:50,671] - Mapped URL path [/notice/release/] onto handler 'noticeController'
[INFO ][2016-02-16 10:11:50,671] - Mapped URL path [/notice/findNoticeView] onto handler 'noticeController'
[INFO ][2016-02-16 10:11:50,671] - Mapped URL path [/notice/findNoticeView.*] onto handler 'noticeController'
[INFO ][2016-02-16 10:11:50,671] - Mapped URL path [/notice/findNoticeView/] onto handler 'noticeController'
[INFO ][2016-02-16 10:11:50,671] - Mapped URL path [/notice/update] onto handler 'noticeController'
[INFO ][2016-02-16 10:11:50,671] - Mapped URL path [/notice/update.*] onto handler 'noticeController'
[INFO ][2016-02-16 10:11:50,671] - Mapped URL path [/notice/update/] onto handler 'noticeController'
[INFO ][2016-02-16 10:11:50,671] - Mapped URL path [/notice/delByIds.do] onto handler 'noticeController'
[INFO ][2016-02-16 10:11:50,671] - Mapped URL path [/notice/add] onto handler 'noticeController'
[INFO ][2016-02-16 10:11:50,671] - Mapped URL path [/notice/add.*] onto handler 'noticeController'
[INFO ][2016-02-16 10:11:50,671] - Mapped URL path [/notice/add/] onto handler 'noticeController'
[INFO ][2016-02-16 10:11:50,671] - Mapped URL path [/notice/delete.do] onto handler 'noticeController'
[INFO ][2016-02-16 10:11:50,671] - Mapped URL path [/sms/validate] onto handler 'SMSController'
[INFO ][2016-02-16 10:11:50,671] - Mapped URL path [/sms/validate.*] onto handler 'SMSController'
[INFO ][2016-02-16 10:11:50,671] - Mapped URL path [/sms/validate/] onto handler 'SMSController'
[INFO ][2016-02-16 10:11:50,671] - Mapped URL path [/sms/send] onto handler 'SMSController'
[INFO ][2016-02-16 10:11:50,671] - Mapped URL path [/sms/send.*] onto handler 'SMSController'
[INFO ][2016-02-16 10:11:50,671] - Mapped URL path [/sms/send/] onto handler 'SMSController'
[INFO ][2016-02-16 10:11:50,671] - Mapped URL path [/api/upload.htm] onto handler 'uploadController'
[INFO ][2016-02-16 10:11:50,671] - Mapped URL path [/api/uploadEx.do] onto handler 'uploadController'
[INFO ][2016-02-16 10:11:50,671] - Mapped URL path [/user/register] onto handler 'userController'
[INFO ][2016-02-16 10:11:50,671] - Mapped URL path [/user/register.*] onto handler 'userController'
[INFO ][2016-02-16 10:11:50,671] - Mapped URL path [/user/register/] onto handler 'userController'
[INFO ][2016-02-16 10:11:50,671] - Mapped URL path [/user/plan/byDate] onto handler 'userController'
[INFO ][2016-02-16 10:11:50,671] - Mapped URL path [/user/plan/byDate.*] onto handler 'userController'
[INFO ][2016-02-16 10:11:50,671] - Mapped URL path [/user/plan/byDate/] onto handler 'userController'
[INFO ][2016-02-16 10:11:50,671] - Mapped URL path [/user/plan/byParams] onto handler 'userController'
[INFO ][2016-02-16 10:11:50,671] - Mapped URL path [/user/plan/byParams.*] onto handler 'userController'
[INFO ][2016-02-16 10:11:50,671] - Mapped URL path [/user/plan/byParams/] onto handler 'userController'
[INFO ][2016-02-16 10:11:50,671] - Mapped URL path [/user/edit] onto handler 'userController'
[INFO ][2016-02-16 10:11:50,671] - Mapped URL path [/user/edit.*] onto handler 'userController'
[INFO ][2016-02-16 10:11:50,671] - Mapped URL path [/user/edit/] onto handler 'userController'
[INFO ][2016-02-16 10:11:50,671] - Mapped URL path [/user/login] onto handler 'userController'
[INFO ][2016-02-16 10:11:50,671] - Mapped URL path [/user/login.*] onto handler 'userController'
[INFO ][2016-02-16 10:11:50,671] - Mapped URL path [/user/login/] onto handler 'userController'
[INFO ][2016-02-16 10:11:50,671] - Mapped URL path [/user/checkUser] onto handler 'userController'
[INFO ][2016-02-16 10:11:50,671] - Mapped URL path [/user/checkUser.*] onto handler 'userController'
[INFO ][2016-02-16 10:11:50,671] - Mapped URL path [/user/checkUser/] onto handler 'userController'
[INFO ][2016-02-16 10:11:50,671] - Mapped URL path [/user/loginOut] onto handler 'userController'
[INFO ][2016-02-16 10:11:50,671] - Mapped URL path [/user/loginOut.*] onto handler 'userController'
[INFO ][2016-02-16 10:11:50,671] - Mapped URL path [/user/loginOut/] onto handler 'userController'
[INFO ][2016-02-16 10:11:50,671] - Mapped URL path [/user/friend/list] onto handler 'userController'
[INFO ][2016-02-16 10:11:50,671] - Mapped URL path [/user/friend/list.*] onto handler 'userController'
[INFO ][2016-02-16 10:11:50,671] - Mapped URL path [/user/friend/list/] onto handler 'userController'
[INFO ][2016-02-16 10:11:50,671] - Mapped URL path [/user/plan/detail] onto handler 'userController'
[INFO ][2016-02-16 10:11:50,671] - Mapped URL path [/user/plan/detail.*] onto handler 'userController'
[INFO ][2016-02-16 10:11:50,671] - Mapped URL path [/user/plan/detail/] onto handler 'userController'
[INFO ][2016-02-16 10:11:50,671] - Mapped URL path [/user/plan/add] onto handler 'userController'
[INFO ][2016-02-16 10:11:50,671] - Mapped URL path [/user/plan/add.*] onto handler 'userController'
[INFO ][2016-02-16 10:11:50,671] - Mapped URL path [/user/plan/add/] onto handler 'userController'
[INFO ][2016-02-16 10:11:50,671] - Mapped URL path [/user/plan/update] onto handler 'userController'
[INFO ][2016-02-16 10:11:50,671] - Mapped URL path [/user/plan/update.*] onto handler 'userController'
[INFO ][2016-02-16 10:11:50,671] - Mapped URL path [/user/plan/update/] onto handler 'userController'
[INFO ][2016-02-16 10:11:50,671] - Mapped URL path [/user/plan/del] onto handler 'userController'
[INFO ][2016-02-16 10:11:50,671] - Mapped URL path [/user/plan/del.*] onto handler 'userController'
[INFO ][2016-02-16 10:11:50,671] - Mapped URL path [/user/plan/del/] onto handler 'userController'
[INFO ][2016-02-16 10:11:50,671] - Mapped URL path [/user/plan/delAll] onto handler 'userController'
[INFO ][2016-02-16 10:11:50,671] - Mapped URL path [/user/plan/delAll.*] onto handler 'userController'
[INFO ][2016-02-16 10:11:50,671] - Mapped URL path [/user/plan/delAll/] onto handler 'userController'
[INFO ][2016-02-16 10:11:50,671] - Mapped URL path [/user/findMemos] onto handler 'userController'
[INFO ][2016-02-16 10:11:50,671] - Mapped URL path [/user/findMemos.*] onto handler 'userController'
[INFO ][2016-02-16 10:11:50,671] - Mapped URL path [/user/findMemos/] onto handler 'userController'
[INFO ][2016-02-16 10:11:50,671] - Mapped URL path [/user/addMemos] onto handler 'userController'
[INFO ][2016-02-16 10:11:50,671] - Mapped URL path [/user/addMemos.*] onto handler 'userController'
[INFO ][2016-02-16 10:11:50,671] - Mapped URL path [/user/addMemos/] onto handler 'userController'
[INFO ][2016-02-16 10:11:50,671] - Mapped URL path [/user/updateMemos] onto handler 'userController'
[INFO ][2016-02-16 10:11:50,671] - Mapped URL path [/user/updateMemos.*] onto handler 'userController'
[INFO ][2016-02-16 10:11:50,671] - Mapped URL path [/user/updateMemos/] onto handler 'userController'
[INFO ][2016-02-16 10:11:50,671] - Mapped URL path [/user/delMemos] onto handler 'userController'
[INFO ][2016-02-16 10:11:50,671] - Mapped URL path [/user/delMemos.*] onto handler 'userController'
[INFO ][2016-02-16 10:11:50,671] - Mapped URL path [/user/delMemos/] onto handler 'userController'
[INFO ][2016-02-16 10:11:50,671] - Mapped URL path [/user/myGroups] onto handler 'userController'
[INFO ][2016-02-16 10:11:50,671] - Mapped URL path [/user/myGroups.*] onto handler 'userController'
[INFO ][2016-02-16 10:11:50,671] - Mapped URL path [/user/myGroups/] onto handler 'userController'
[INFO ][2016-02-16 10:11:50,671] - Mapped URL path [/user/myCares] onto handler 'userController'
[INFO ][2016-02-16 10:11:50,671] - Mapped URL path [/user/myCares.*] onto handler 'userController'
[INFO ][2016-02-16 10:11:50,671] - Mapped URL path [/user/myCares/] onto handler 'userController'
[INFO ][2016-02-16 10:11:50,671] - Mapped URL path [/user/teamBook] onto handler 'userController'
[INFO ][2016-02-16 10:11:50,671] - Mapped URL path [/user/teamBook.*] onto handler 'userController'
[INFO ][2016-02-16 10:11:50,671] - Mapped URL path [/user/teamBook/] onto handler 'userController'
[INFO ][2016-02-16 10:11:50,703] - FrameworkServlet 'appServlet': initialization completed in 375 ms
[INFO ][2016-02-16 10:14:20,342] - Root WebApplicationContext: initialization started
[INFO ][2016-02-16 10:14:20,411] - Refreshing Root WebApplicationContext: startup date [Tue Feb 16 10:14:20 CST 2016]; root of context hierarchy
[INFO ][2016-02-16 10:14:20,438] - Loading XML bean definitions from URL [file:/D:/GitWorkSpace/sst/sst/sst-home-web/target/classes/spring-config/applicationContext.xml]
[INFO ][2016-02-16 10:14:20,872] - Loading XML bean definitions from URL [file:/D:/GitWorkSpace/sst/sst/sst-home-web/target/classes/spring-config/persistence.xml]
[INFO ][2016-02-16 10:14:20,920] - Loading XML bean definitions from URL [file:/D:/GitWorkSpace/sst/sst/sst-home-web/target/classes/spring-config/redis-persistence.xml]
[INFO ][2016-02-16 10:14:20,934] - Loading XML bean definitions from URL [file:/D:/GitWorkSpace/sst/sst/sst-home-web/target/classes/spring-config/spring-template.xml]
[INFO ][2016-02-16 10:14:20,946] - Loading XML bean definitions from URL [file:/D:/GitWorkSpace/sst/sst/sst-home-web/target/classes/spring-config/spring-mail.xml]
[INFO ][2016-02-16 10:14:21,237] - Loading properties file from URL [file:/D:/GitWorkSpace/sst/sst/sst-home-web/target/classes/application.properties]
[INFO ][2016-02-16 10:14:23,632] - ClassTemplateLoader for Spring macros added to FreeMarker configuration
[INFO ][2016-02-16 10:14:23,647] - Root WebApplicationContext: initialization completed in 3305 ms
[INFO ][2016-02-16 10:14:23,675] - FrameworkServlet 'appServlet': initialization started
[INFO ][2016-02-16 10:14:23,691] - Refreshing WebApplicationContext for namespace 'appServlet-servlet': startup date [Tue Feb 16 10:14:23 CST 2016]; parent: Root WebApplicationContext
[INFO ][2016-02-16 10:14:23,691] - Loading XML bean definitions from URL [file:/D:/GitWorkSpace/sst/sst/sst-home-web/target/classes/spring-config/servlet-context.xml]
[INFO ][2016-02-16 10:14:24,002] - Mapped URL path [/comp/apply] onto handler 'compController'
[INFO ][2016-02-16 10:14:24,002] - Mapped URL path [/comp/apply.*] onto handler 'compController'
[INFO ][2016-02-16 10:14:24,002] - Mapped URL path [/comp/apply/] onto handler 'compController'
[INFO ][2016-02-16 10:14:24,002] - Mapped URL path [/comp/getMatch] onto handler 'compController'
[INFO ][2016-02-16 10:14:24,002] - Mapped URL path [/comp/getMatch.*] onto handler 'compController'
[INFO ][2016-02-16 10:14:24,002] - Mapped URL path [/comp/getMatch/] onto handler 'compController'
[INFO ][2016-02-16 10:14:24,002] - Mapped URL path [/comp/notices] onto handler 'compController'
[INFO ][2016-02-16 10:14:24,002] - Mapped URL path [/comp/notices.*] onto handler 'compController'
[INFO ][2016-02-16 10:14:24,002] - Mapped URL path [/comp/notices/] onto handler 'compController'
[INFO ][2016-02-16 10:14:24,002] - Mapped URL path [/comp/getComp] onto handler 'compController'
[INFO ][2016-02-16 10:14:24,002] - Mapped URL path [/comp/getComp.*] onto handler 'compController'
[INFO ][2016-02-16 10:14:24,002] - Mapped URL path [/comp/getComp/] onto handler 'compController'
[INFO ][2016-02-16 10:14:24,002] - Mapped URL path [/comp/list] onto handler 'compController'
[INFO ][2016-02-16 10:14:24,002] - Mapped URL path [/comp/list.*] onto handler 'compController'
[INFO ][2016-02-16 10:14:24,002] - Mapped URL path [/comp/list/] onto handler 'compController'
[INFO ][2016-02-16 10:14:24,002] - Mapped URL path [/comp/getNotice] onto handler 'compController'
[INFO ][2016-02-16 10:14:24,017] - Mapped URL path [/comp/getNotice.*] onto handler 'compController'
[INFO ][2016-02-16 10:14:24,017] - Mapped URL path [/comp/getNotice/] onto handler 'compController'
[INFO ][2016-02-16 10:14:24,017] - Mapped URL path [/comp/news] onto handler 'compController'
[INFO ][2016-02-16 10:14:24,017] - Mapped URL path [/comp/news.*] onto handler 'compController'
[INFO ][2016-02-16 10:14:24,017] - Mapped URL path [/comp/news/] onto handler 'compController'
[INFO ][2016-02-16 10:14:24,017] - Mapped URL path [/comp/getNews] onto handler 'compController'
[INFO ][2016-02-16 10:14:24,017] - Mapped URL path [/comp/getNews.*] onto handler 'compController'
[INFO ][2016-02-16 10:14:24,017] - Mapped URL path [/comp/getNews/] onto handler 'compController'
[INFO ][2016-02-16 10:14:24,017] - Mapped URL path [/comp/teams] onto handler 'compController'
[INFO ][2016-02-16 10:14:24,017] - Mapped URL path [/comp/teams.*] onto handler 'compController'
[INFO ][2016-02-16 10:14:24,017] - Mapped URL path [/comp/teams/] onto handler 'compController'
[INFO ][2016-02-16 10:14:24,017] - Mapped URL path [/comp/getTeam] onto handler 'compController'
[INFO ][2016-02-16 10:14:24,017] - Mapped URL path [/comp/getTeam.*] onto handler 'compController'
[INFO ][2016-02-16 10:14:24,017] - Mapped URL path [/comp/getTeam/] onto handler 'compController'
[INFO ][2016-02-16 10:14:24,017] - Mapped URL path [/comp/rounds] onto handler 'compController'
[INFO ][2016-02-16 10:14:24,017] - Mapped URL path [/comp/rounds.*] onto handler 'compController'
[INFO ][2016-02-16 10:14:24,017] - Mapped URL path [/comp/rounds/] onto handler 'compController'
[INFO ][2016-02-16 10:14:24,017] - Mapped URL path [/comp/scoreboard] onto handler 'compController'
[INFO ][2016-02-16 10:14:24,017] - Mapped URL path [/comp/scoreboard.*] onto handler 'compController'
[INFO ][2016-02-16 10:14:24,017] - Mapped URL path [/comp/scoreboard/] onto handler 'compController'
[INFO ][2016-02-16 10:14:24,017] - Mapped URL path [/comp/topScorer] onto handler 'compController'
[INFO ][2016-02-16 10:14:24,017] - Mapped URL path [/comp/topScorer.*] onto handler 'compController'
[INFO ][2016-02-16 10:14:24,017] - Mapped URL path [/comp/topScorer/] onto handler 'compController'
[INFO ][2016-02-16 10:14:24,017] - Mapped URL path [/comp/cards] onto handler 'compController'
[INFO ][2016-02-16 10:14:24,017] - Mapped URL path [/comp/cards.*] onto handler 'compController'
[INFO ][2016-02-16 10:14:24,017] - Mapped URL path [/comp/cards/] onto handler 'compController'
[INFO ][2016-02-16 10:14:24,017] - Mapped URL path [/email/send] onto handler 'emailController'
[INFO ][2016-02-16 10:14:24,017] - Mapped URL path [/email/send.*] onto handler 'emailController'
[INFO ][2016-02-16 10:14:24,017] - Mapped URL path [/email/send/] onto handler 'emailController'
[INFO ][2016-02-16 10:14:24,017] - Mapped URL path [/email/validate] onto handler 'emailController'
[INFO ][2016-02-16 10:14:24,017] - Mapped URL path [/email/validate.*] onto handler 'emailController'
[INFO ][2016-02-16 10:14:24,017] - Mapped URL path [/email/validate/] onto handler 'emailController'
[INFO ][2016-02-16 10:14:24,017] - Mapped URL path [/eva/list] onto handler 'evaluatController'
[INFO ][2016-02-16 10:14:24,017] - Mapped URL path [/eva/list.*] onto handler 'evaluatController'
[INFO ][2016-02-16 10:14:24,017] - Mapped URL path [/eva/list/] onto handler 'evaluatController'
[INFO ][2016-02-16 10:14:24,017] - Mapped URL path [/eva/queryById] onto handler 'evaluatController'
[INFO ][2016-02-16 10:14:24,017] - Mapped URL path [/eva/queryById.*] onto handler 'evaluatController'
[INFO ][2016-02-16 10:14:24,017] - Mapped URL path [/eva/queryById/] onto handler 'evaluatController'
[INFO ][2016-02-16 10:14:24,017] - Mapped URL path [/eva/doSubmit] onto handler 'evaluatController'
[INFO ][2016-02-16 10:14:24,017] - Mapped URL path [/eva/doSubmit.*] onto handler 'evaluatController'
[INFO ][2016-02-16 10:14:24,017] - Mapped URL path [/eva/doSubmit/] onto handler 'evaluatController'
[INFO ][2016-02-16 10:14:24,017] - Mapped URL path [/file/upload] onto handler 'fileController'
[INFO ][2016-02-16 10:14:24,017] - Mapped URL path [/file/upload.*] onto handler 'fileController'
[INFO ][2016-02-16 10:14:24,017] - Mapped URL path [/file/upload/] onto handler 'fileController'
[INFO ][2016-02-16 10:14:24,017] - Mapped URL path [/notice/release] onto handler 'noticeController'
[INFO ][2016-02-16 10:14:24,017] - Mapped URL path [/notice/release.*] onto handler 'noticeController'
[INFO ][2016-02-16 10:14:24,017] - Mapped URL path [/notice/release/] onto handler 'noticeController'
[INFO ][2016-02-16 10:14:24,017] - Mapped URL path [/notice/findNoticeView] onto handler 'noticeController'
[INFO ][2016-02-16 10:14:24,017] - Mapped URL path [/notice/findNoticeView.*] onto handler 'noticeController'
[INFO ][2016-02-16 10:14:24,017] - Mapped URL path [/notice/findNoticeView/] onto handler 'noticeController'
[INFO ][2016-02-16 10:14:24,017] - Mapped URL path [/notice/add] onto handler 'noticeController'
[INFO ][2016-02-16 10:14:24,017] - Mapped URL path [/notice/add.*] onto handler 'noticeController'
[INFO ][2016-02-16 10:14:24,017] - Mapped URL path [/notice/add/] onto handler 'noticeController'
[INFO ][2016-02-16 10:14:24,017] - Mapped URL path [/notice/update] onto handler 'noticeController'
[INFO ][2016-02-16 10:14:24,017] - Mapped URL path [/notice/update.*] onto handler 'noticeController'
[INFO ][2016-02-16 10:14:24,017] - Mapped URL path [/notice/update/] onto handler 'noticeController'
[INFO ][2016-02-16 10:14:24,017] - Mapped URL path [/notice/delByIds.do] onto handler 'noticeController'
[INFO ][2016-02-16 10:14:24,017] - Mapped URL path [/notice/delete.do] onto handler 'noticeController'
[INFO ][2016-02-16 10:14:24,017] - Mapped URL path [/sms/validate] onto handler 'SMSController'
[INFO ][2016-02-16 10:14:24,017] - Mapped URL path [/sms/validate.*] onto handler 'SMSController'
[INFO ][2016-02-16 10:14:24,017] - Mapped URL path [/sms/validate/] onto handler 'SMSController'
[INFO ][2016-02-16 10:14:24,017] - Mapped URL path [/sms/send] onto handler 'SMSController'
[INFO ][2016-02-16 10:14:24,017] - Mapped URL path [/sms/send.*] onto handler 'SMSController'
[INFO ][2016-02-16 10:14:24,017] - Mapped URL path [/sms/send/] onto handler 'SMSController'
[INFO ][2016-02-16 10:14:24,017] - Mapped URL path [/api/upload.htm] onto handler 'uploadController'
[INFO ][2016-02-16 10:14:24,017] - Mapped URL path [/api/uploadEx.do] onto handler 'uploadController'
[INFO ][2016-02-16 10:14:24,017] - Mapped URL path [/user/register] onto handler 'userController'
[INFO ][2016-02-16 10:14:24,017] - Mapped URL path [/user/register.*] onto handler 'userController'
[INFO ][2016-02-16 10:14:24,017] - Mapped URL path [/user/register/] onto handler 'userController'
[INFO ][2016-02-16 10:14:24,017] - Mapped URL path [/user/plan/byDate] onto handler 'userController'
[INFO ][2016-02-16 10:14:24,017] - Mapped URL path [/user/plan/byDate.*] onto handler 'userController'
[INFO ][2016-02-16 10:14:24,017] - Mapped URL path [/user/plan/byDate/] onto handler 'userController'
[INFO ][2016-02-16 10:14:24,017] - Mapped URL path [/user/plan/byParams] onto handler 'userController'
[INFO ][2016-02-16 10:14:24,017] - Mapped URL path [/user/plan/byParams.*] onto handler 'userController'
[INFO ][2016-02-16 10:14:24,017] - Mapped URL path [/user/plan/byParams/] onto handler 'userController'
[INFO ][2016-02-16 10:14:24,017] - Mapped URL path [/user/login] onto handler 'userController'
[INFO ][2016-02-16 10:14:24,017] - Mapped URL path [/user/login.*] onto handler 'userController'
[INFO ][2016-02-16 10:14:24,017] - Mapped URL path [/user/login/] onto handler 'userController'
[INFO ][2016-02-16 10:14:24,017] - Mapped URL path [/user/checkUser] onto handler 'userController'
[INFO ][2016-02-16 10:14:24,017] - Mapped URL path [/user/checkUser.*] onto handler 'userController'
[INFO ][2016-02-16 10:14:24,017] - Mapped URL path [/user/checkUser/] onto handler 'userController'
[INFO ][2016-02-16 10:14:24,017] - Mapped URL path [/user/edit] onto handler 'userController'
[INFO ][2016-02-16 10:14:24,017] - Mapped URL path [/user/edit.*] onto handler 'userController'
[INFO ][2016-02-16 10:14:24,017] - Mapped URL path [/user/edit/] onto handler 'userController'
[INFO ][2016-02-16 10:14:24,017] - Mapped URL path [/user/loginOut] onto handler 'userController'
[INFO ][2016-02-16 10:14:24,017] - Mapped URL path [/user/loginOut.*] onto handler 'userController'
[INFO ][2016-02-16 10:14:24,017] - Mapped URL path [/user/loginOut/] onto handler 'userController'
[INFO ][2016-02-16 10:14:24,017] - Mapped URL path [/user/friend/list] onto handler 'userController'
[INFO ][2016-02-16 10:14:24,017] - Mapped URL path [/user/friend/list.*] onto handler 'userController'
[INFO ][2016-02-16 10:14:24,017] - Mapped URL path [/user/friend/list/] onto handler 'userController'
[INFO ][2016-02-16 10:14:24,017] - Mapped URL path [/user/plan/detail] onto handler 'userController'
[INFO ][2016-02-16 10:14:24,017] - Mapped URL path [/user/plan/detail.*] onto handler 'userController'
[INFO ][2016-02-16 10:14:24,017] - Mapped URL path [/user/plan/detail/] onto handler 'userController'
[INFO ][2016-02-16 10:14:24,017] - Mapped URL path [/user/plan/add] onto handler 'userController'
[INFO ][2016-02-16 10:14:24,017] - Mapped URL path [/user/plan/add.*] onto handler 'userController'
[INFO ][2016-02-16 10:14:24,017] - Mapped URL path [/user/plan/add/] onto handler 'userController'
[INFO ][2016-02-16 10:14:24,017] - Mapped URL path [/user/plan/update] onto handler 'userController'
[INFO ][2016-02-16 10:14:24,017] - Mapped URL path [/user/plan/update.*] onto handler 'userController'
[INFO ][2016-02-16 10:14:24,017] - Mapped URL path [/user/plan/update/] onto handler 'userController'
[INFO ][2016-02-16 10:14:24,017] - Mapped URL path [/user/plan/del] onto handler 'userController'
[INFO ][2016-02-16 10:14:24,017] - Mapped URL path [/user/plan/del.*] onto handler 'userController'
[INFO ][2016-02-16 10:14:24,017] - Mapped URL path [/user/plan/del/] onto handler 'userController'
[INFO ][2016-02-16 10:14:24,017] - Mapped URL path [/user/plan/delAll] onto handler 'userController'
[INFO ][2016-02-16 10:14:24,017] - Mapped URL path [/user/plan/delAll.*] onto handler 'userController'
[INFO ][2016-02-16 10:14:24,017] - Mapped URL path [/user/plan/delAll/] onto handler 'userController'
[INFO ][2016-02-16 10:14:24,017] - Mapped URL path [/user/findMemos] onto handler 'userController'
[INFO ][2016-02-16 10:14:24,017] - Mapped URL path [/user/findMemos.*] onto handler 'userController'
[INFO ][2016-02-16 10:14:24,017] - Mapped URL path [/user/findMemos/] onto handler 'userController'
[INFO ][2016-02-16 10:14:24,017] - Mapped URL path [/user/addMemos] onto handler 'userController'
[INFO ][2016-02-16 10:14:24,017] - Mapped URL path [/user/addMemos.*] onto handler 'userController'
[INFO ][2016-02-16 10:14:24,017] - Mapped URL path [/user/addMemos/] onto handler 'userController'
[INFO ][2016-02-16 10:14:24,017] - Mapped URL path [/user/updateMemos] onto handler 'userController'
[INFO ][2016-02-16 10:14:24,017] - Mapped URL path [/user/updateMemos.*] onto handler 'userController'
[INFO ][2016-02-16 10:14:24,017] - Mapped URL path [/user/updateMemos/] onto handler 'userController'
[INFO ][2016-02-16 10:14:24,017] - Mapped URL path [/user/delMemos] onto handler 'userController'
[INFO ][2016-02-16 10:14:24,017] - Mapped URL path [/user/delMemos.*] onto handler 'userController'
[INFO ][2016-02-16 10:14:24,017] - Mapped URL path [/user/delMemos/] onto handler 'userController'
[INFO ][2016-02-16 10:14:24,017] - Mapped URL path [/user/myGroups] onto handler 'userController'
[INFO ][2016-02-16 10:14:24,017] - Mapped URL path [/user/myGroups.*] onto handler 'userController'
[INFO ][2016-02-16 10:14:24,017] - Mapped URL path [/user/myGroups/] onto handler 'userController'
[INFO ][2016-02-16 10:14:24,017] - Mapped URL path [/user/myCares] onto handler 'userController'
[INFO ][2016-02-16 10:14:24,017] - Mapped URL path [/user/myCares.*] onto handler 'userController'
[INFO ][2016-02-16 10:14:24,017] - Mapped URL path [/user/myCares/] onto handler 'userController'
[INFO ][2016-02-16 10:14:24,017] - Mapped URL path [/user/teamBook] onto handler 'userController'
[INFO ][2016-02-16 10:14:24,017] - Mapped URL path [/user/teamBook.*] onto handler 'userController'
[INFO ][2016-02-16 10:14:24,017] - Mapped URL path [/user/teamBook/] onto handler 'userController'
[INFO ][2016-02-16 10:14:24,062] - FrameworkServlet 'appServlet': initialization completed in 387 ms
